2022-10-04 14:12:27,514	trainer	/home/hzb/IPMI-2023/train.py:508	args_printer	INFO	
+----------------------+------------------------------------------------+
|      Parameter       |                     Value                      |
+======================+================================================+
| alpha                | [0.01, 0.25, 0.5, 0.9, 0.99]                   |
+----------------------+------------------------------------------------+
| batch_size           | 1                                              |
+----------------------+------------------------------------------------+
| class_number         | 2                                              |
+----------------------+------------------------------------------------+
| cuda                 | 0                                              |
+----------------------+------------------------------------------------+
| current_time         | 2022-10-04_14-12-27                            |
+----------------------+------------------------------------------------+
| data_folder          | ./data/aal_cfc                                 |
+----------------------+------------------------------------------------+
| data_padding         | 1                                              |
+----------------------+------------------------------------------------+
| data_step            | 15                                             |
+----------------------+------------------------------------------------+
| data_window          | 30                                             |
+----------------------+------------------------------------------------+
| debug                | 0                                              |
+----------------------+------------------------------------------------+
| desc                 | 使用 aal 数据，对角线为 1，添加 node attention |
+----------------------+------------------------------------------------+
| dropout              | 0.250                                          |
+----------------------+------------------------------------------------+
| early_stop           | 50                                             |
+----------------------+------------------------------------------------+
| epochs               | 50                                             |
+----------------------+------------------------------------------------+
| gamma                | 0.990                                          |
+----------------------+------------------------------------------------+
| learning_rate        | 0.001                                          |
+----------------------+------------------------------------------------+
| log_path             | ./logs/2022-10-04_14-12-27                     |
+----------------------+------------------------------------------------+
| mode                 | seq                                            |
+----------------------+------------------------------------------------+
| model_folder         | ./saved_model/2022-10-04_14-12-27              |
+----------------------+------------------------------------------------+
| node_attention       | 1                                              |
+----------------------+------------------------------------------------+
| node_number          | 90                                             |
+----------------------+------------------------------------------------+
| prediction_path      | ./output                                       |
+----------------------+------------------------------------------------+
| repetitions          | 30                                             |
+----------------------+------------------------------------------------+
| seed                 | 111                                            |
+----------------------+------------------------------------------------+
| tensorboard_dir      | ./runs                                         |
+----------------------+------------------------------------------------+
| thresholding_ratio   | 0.400                                          |
+----------------------+------------------------------------------------+
| time                 | 40                                             |
+----------------------+------------------------------------------------+
| wavelets_beta        | 1                                              |
+----------------------+------------------------------------------------+
| wavelets_gamma       | 0.005                                          |
+----------------------+------------------------------------------------+
| wavelets_max_iter    | 1                                              |
+----------------------+------------------------------------------------+
| wavelets_min_err     | 0.000                                          |
+----------------------+------------------------------------------------+
| wavelets_node_select | 10                                             |
+----------------------+------------------------------------------------+
| wavelets_num         | 10                                             |
+----------------------+------------------------------------------------+
| weight_decay         | 0                                              |
+----------------------+------------------------------------------------+
2022-10-04 14:12:27,515	trainer	/home/hzb/IPMI-2023/train.py:663	fit	INFO	
Training started.

2022-10-04 14:12:27,515	root	/home/hzb/IPMI-2023/train.py:676	fit	INFO	epoch	loss	acc
2022-10-04 14:45:52,934	root	/home/hzb/IPMI-2023/train.py:713	fit	INFO	1	0.6646986193554376	0.6666666666666666
2022-10-04 15:28:38,256	root	/home/hzb/IPMI-2023/train.py:713	fit	INFO	2	0.6148257141792646	0.7096774193548387
2022-10-04 16:10:25,375	root	/home/hzb/IPMI-2023/train.py:713	fit	INFO	3	0.5960357971889998	0.7096774193548387
2022-10-04 16:53:09,993	root	/home/hzb/IPMI-2023/train.py:713	fit	INFO	4	0.5822580268065776	0.7096774193548387
2022-10-04 17:35:47,495	root	/home/hzb/IPMI-2023/train.py:713	fit	INFO	5	0.5823126686035945	0.7096774193548387
2022-10-04 18:18:43,614	root	/home/hzb/IPMI-2023/train.py:713	fit	INFO	6	0.5654549352744574	0.7204301075268817
2022-10-04 19:01:57,172	root	/home/hzb/IPMI-2023/train.py:713	fit	INFO	7	0.5580310754638206	0.6935483870967742
2022-10-04 19:44:54,469	root	/home/hzb/IPMI-2023/train.py:713	fit	INFO	8	0.5518180429935455	0.7150537634408602
2022-10-04 20:26:32,304	root	/home/hzb/IPMI-2023/train.py:713	fit	INFO	9	0.542277136477091	0.7096774193548387
2022-10-04 21:08:47,512	root	/home/hzb/IPMI-2023/train.py:713	fit	INFO	10	0.531176274902718	0.7096774193548387
2022-10-04 21:57:02,926	root	/home/hzb/IPMI-2023/train.py:713	fit	INFO	11	0.5253224684906903	0.6989247311827957
2022-10-04 22:40:29,426	root	/home/hzb/IPMI-2023/train.py:713	fit	INFO	12	0.5188845274669509	0.7473118279569892
2022-10-04 23:22:29,467	root	/home/hzb/IPMI-2023/train.py:713	fit	INFO	13	0.5131325975501089	0.7096774193548387
2022-10-05 00:04:55,100	root	/home/hzb/IPMI-2023/train.py:713	fit	INFO	14	0.5023318764463227	0.7365591397849462
2022-10-05 00:47:11,203	root	/home/hzb/IPMI-2023/train.py:713	fit	INFO	15	0.5023853742787915	0.7150537634408602
2022-10-05 01:12:53,249	root	/home/hzb/IPMI-2023/train.py:713	fit	INFO	16	0.4964371646644287	0.7365591397849462
2022-10-05 01:35:25,791	root	/home/hzb/IPMI-2023/train.py:713	fit	INFO	17	0.4936300351995454	0.7204301075268817
2022-10-05 01:58:06,100	root	/home/hzb/IPMI-2023/train.py:713	fit	INFO	18	0.48631689382056076	0.7473118279569892
2022-10-05 02:20:26,283	root	/home/hzb/IPMI-2023/train.py:713	fit	INFO	19	0.48039588372233094	0.7634408602150538
2022-10-05 02:42:58,983	root	/home/hzb/IPMI-2023/train.py:713	fit	INFO	20	0.4752736292298763	0.7526881720430108
2022-10-05 03:05:35,539	root	/home/hzb/IPMI-2023/train.py:713	fit	INFO	21	0.4739285491617216	0.7580645161290323
2022-10-05 03:28:29,994	root	/home/hzb/IPMI-2023/train.py:713	fit	INFO	22	0.47136135504490906	0.7580645161290323
2022-10-05 03:51:25,760	root	/home/hzb/IPMI-2023/train.py:713	fit	INFO	23	0.46753269002362285	0.7688172043010753
2022-10-05 04:13:50,645	root	/home/hzb/IPMI-2023/train.py:713	fit	INFO	24	0.456274988174799	0.7849462365591398
2022-10-05 04:36:39,159	root	/home/hzb/IPMI-2023/train.py:713	fit	INFO	25	0.4627226846623084	0.7849462365591398
2022-10-05 04:59:03,701	root	/home/hzb/IPMI-2023/train.py:713	fit	INFO	26	0.4559706226892529	0.7688172043010753
2022-10-05 05:21:50,168	root	/home/hzb/IPMI-2023/train.py:713	fit	INFO	27	0.4518054147871832	0.7688172043010753
2022-10-05 05:43:18,897	root	/home/hzb/IPMI-2023/train.py:713	fit	INFO	28	0.4504823675879868	0.7795698924731183
2022-10-05 06:04:28,390	root	/home/hzb/IPMI-2023/train.py:713	fit	INFO	29	0.44781742786227535	0.7795698924731183
2022-10-05 06:26:00,422	root	/home/hzb/IPMI-2023/train.py:713	fit	INFO	30	0.4382291208021343	0.7903225806451613
2022-10-05 06:47:37,395	root	/home/hzb/IPMI-2023/train.py:713	fit	INFO	31	0.44454292707165244	0.7795698924731183
2022-10-05 07:08:35,305	root	/home/hzb/IPMI-2023/train.py:713	fit	INFO	32	0.43440393621342316	0.7956989247311828
2022-10-05 07:29:46,284	root	/home/hzb/IPMI-2023/train.py:713	fit	INFO	33	0.43395596295995736	0.7795698924731183
2022-10-05 07:51:37,678	root	/home/hzb/IPMI-2023/train.py:713	fit	INFO	34	0.4325289373180919	0.8172043010752689
2022-10-05 08:13:26,053	root	/home/hzb/IPMI-2023/train.py:713	fit	INFO	35	0.42667796729653273	0.8010752688172043
2022-10-05 08:35:05,692	root	/home/hzb/IPMI-2023/train.py:713	fit	INFO	36	0.4259236366162577	0.8064516129032258
2022-10-05 08:57:01,715	root	/home/hzb/IPMI-2023/train.py:713	fit	INFO	37	0.4250722055283365	0.7849462365591398
2022-10-05 09:19:06,854	root	/home/hzb/IPMI-2023/train.py:713	fit	INFO	38	0.42090766817852054	0.8279569892473119
2022-10-05 09:40:45,308	root	/home/hzb/IPMI-2023/train.py:713	fit	INFO	39	0.41579486094465257	0.8064516129032258
2022-10-05 10:01:55,175	root	/home/hzb/IPMI-2023/train.py:713	fit	INFO	40	0.4138488088964775	0.8172043010752689
2022-10-05 10:23:58,990	root	/home/hzb/IPMI-2023/train.py:713	fit	INFO	41	0.41445034134742476	0.8118279569892473
2022-10-05 10:45:40,571	root	/home/hzb/IPMI-2023/train.py:713	fit	INFO	42	0.4143530034700469	0.8010752688172043
2022-10-05 11:07:22,178	root	/home/hzb/IPMI-2023/train.py:713	fit	INFO	43	0.40602829525127043	0.8333333333333334
2022-10-05 11:28:59,887	root	/home/hzb/IPMI-2023/train.py:713	fit	INFO	44	0.4097329381082247	0.8118279569892473
2022-10-05 11:52:08,874	root	/home/hzb/IPMI-2023/train.py:713	fit	INFO	45	0.4085999498449226	0.8172043010752689
2022-10-05 12:58:21,222	root	/home/hzb/IPMI-2023/train.py:713	fit	INFO	46	0.4060803478488558	0.8172043010752689
2022-10-05 14:11:48,556	root	/home/hzb/IPMI-2023/train.py:713	fit	INFO	47	0.39886917783478176	0.8225806451612904
2022-10-05 15:24:43,915	root	/home/hzb/IPMI-2023/train.py:713	fit	INFO	48	0.4045148954691706	0.8172043010752689
2022-10-05 16:35:29,458	root	/home/hzb/IPMI-2023/train.py:713	fit	INFO	49	0.39623810862120923	0.8387096774193549
2022-10-05 17:47:46,748	root	/home/hzb/IPMI-2023/train.py:713	fit	INFO	50	0.39343253182377463	0.8225806451612904
2022-10-05 17:47:47,026	trainer	/home/hzb/IPMI-2023/train.py:772	score	INFO	
Scoring the test set.

2022-10-05 20:00:17,935	trainer	/home/hzb/IPMI-2023/train.py:839	score	INFO	
The test set loss is: 0.8552
2022-10-05 20:00:17,935	trainer	/home/hzb/IPMI-2023/train.py:842	score	INFO	The test set accuracy is: 0.6190
