2022-10-03 02:54:38,414	trainer	/home/hzb/IPMI-2023/train.py:497	args_printer	INFO	
+----------------------+-------------------------------------------------+
|      Parameter       |                      Value                      |
+======================+=================================================+
| alpha                | [0.01, 0.25, 0.5, 0.9, 0.99]                    |
+----------------------+-------------------------------------------------+
| batch_size           | 1                                               |
+----------------------+-------------------------------------------------+
| class_number         | 2                                               |
+----------------------+-------------------------------------------------+
| cuda                 | 0                                               |
+----------------------+-------------------------------------------------+
| current_time         | 2022-10-03_02-54-38                             |
+----------------------+-------------------------------------------------+
| data_folder          | ./data/aal_cfc2                                 |
+----------------------+-------------------------------------------------+
| data_padding         | 1                                               |
+----------------------+-------------------------------------------------+
| data_step            | 15                                              |
+----------------------+-------------------------------------------------+
| data_window          | 30                                              |
+----------------------+-------------------------------------------------+
| debug                | 0                                               |
+----------------------+-------------------------------------------------+
| desc                 | 使用 aal2 数据，对角线为 0，添加 node attention |
+----------------------+-------------------------------------------------+
| dropout              | 0.250                                           |
+----------------------+-------------------------------------------------+
| early_stop           | 50                                              |
+----------------------+-------------------------------------------------+
| epochs               | 50                                              |
+----------------------+-------------------------------------------------+
| gamma                | 0.990                                           |
+----------------------+-------------------------------------------------+
| learning_rate        | 0.001                                           |
+----------------------+-------------------------------------------------+
| log_path             | ./logs/2022-10-03_02-54-38                      |
+----------------------+-------------------------------------------------+
| mode                 | seq                                             |
+----------------------+-------------------------------------------------+
| model_folder         | ./saved_model/2022-10-03_02-54-38               |
+----------------------+-------------------------------------------------+
| node_number          | 90                                              |
+----------------------+-------------------------------------------------+
| prediction_path      | ./output                                        |
+----------------------+-------------------------------------------------+
| repetitions          | 30                                              |
+----------------------+-------------------------------------------------+
| seed                 | 111                                             |
+----------------------+-------------------------------------------------+
| tensorboard_dir      | ./runs                                          |
+----------------------+-------------------------------------------------+
| thresholding_ratio   | 0.400                                           |
+----------------------+-------------------------------------------------+
| time                 | 40                                              |
+----------------------+-------------------------------------------------+
| wavelets_beta        | 1                                               |
+----------------------+-------------------------------------------------+
| wavelets_gamma       | 0.005                                           |
+----------------------+-------------------------------------------------+
| wavelets_max_iter    | 1                                               |
+----------------------+-------------------------------------------------+
| wavelets_min_err     | 0.000                                           |
+----------------------+-------------------------------------------------+
| wavelets_node_select | 10                                              |
+----------------------+-------------------------------------------------+
| wavelets_num         | 10                                              |
+----------------------+-------------------------------------------------+
| weight_decay         | 0                                               |
+----------------------+-------------------------------------------------+
2022-10-03 02:54:38,414	trainer	/home/hzb/IPMI-2023/train.py:652	fit	INFO	
Training started.

2022-10-03 02:54:38,414	root	/home/hzb/IPMI-2023/train.py:665	fit	INFO	epoch	loss	acc
2022-10-03 03:16:23,396	root	/home/hzb/IPMI-2023/train.py:702	fit	INFO	1	0.6646986193554376	0.6666666666666666
2022-10-03 03:38:12,194	root	/home/hzb/IPMI-2023/train.py:702	fit	INFO	2	0.6058029175125142	0.7096774193548387
2022-10-03 04:00:01,736	root	/home/hzb/IPMI-2023/train.py:702	fit	INFO	3	0.5988018622481694	0.7096774193548387
2022-10-03 04:21:31,835	root	/home/hzb/IPMI-2023/train.py:702	fit	INFO	4	0.5894522105333626	0.7096774193548387
2022-10-03 04:43:00,362	root	/home/hzb/IPMI-2023/train.py:702	fit	INFO	5	0.5735611476164352	0.7150537634408602
2022-10-03 05:04:44,996	root	/home/hzb/IPMI-2023/train.py:702	fit	INFO	6	0.5697643823360884	0.7096774193548387
2022-10-03 05:26:59,570	root	/home/hzb/IPMI-2023/train.py:702	fit	INFO	7	0.5615652601324743	0.6774193548387096
2022-10-03 05:49:14,840	root	/home/hzb/IPMI-2023/train.py:702	fit	INFO	8	0.550918867871646	0.6989247311827957
2022-10-03 06:10:57,612	root	/home/hzb/IPMI-2023/train.py:702	fit	INFO	9	0.5410737494627634	0.6827956989247311
2022-10-03 06:33:08,058	root	/home/hzb/IPMI-2023/train.py:702	fit	INFO	10	0.5352591464436183	0.7043010752688172
2022-10-03 06:55:26,641	root	/home/hzb/IPMI-2023/train.py:702	fit	INFO	11	0.5293237015164347	0.6881720430107527
2022-10-03 07:17:30,743	root	/home/hzb/IPMI-2023/train.py:702	fit	INFO	12	0.5210246599169188	0.7150537634408602
2022-10-03 07:39:28,101	root	/home/hzb/IPMI-2023/train.py:702	fit	INFO	13	0.5142642022060451	0.7311827956989247
2022-10-03 08:01:18,376	root	/home/hzb/IPMI-2023/train.py:702	fit	INFO	14	0.5112624566761717	0.7258064516129032
2022-10-03 08:22:55,644	root	/home/hzb/IPMI-2023/train.py:702	fit	INFO	15	0.502190912683164	0.7419354838709677
2022-10-03 08:44:36,187	root	/home/hzb/IPMI-2023/train.py:702	fit	INFO	16	0.49225745261997306	0.7473118279569892
2022-10-03 09:06:10,528	root	/home/hzb/IPMI-2023/train.py:702	fit	INFO	17	0.4947658836420986	0.7365591397849462
2022-10-03 09:27:25,168	root	/home/hzb/IPMI-2023/train.py:702	fit	INFO	18	0.4854196422803466	0.7634408602150538
2022-10-03 09:48:39,559	root	/home/hzb/IPMI-2023/train.py:702	fit	INFO	19	0.4792969606776712	0.7634408602150538
2022-10-03 10:09:55,951	root	/home/hzb/IPMI-2023/train.py:702	fit	INFO	20	0.4785078262149166	0.7526881720430108
2022-10-03 10:31:22,465	root	/home/hzb/IPMI-2023/train.py:702	fit	INFO	21	0.4740579926198529	0.7580645161290323
2022-10-03 10:53:39,925	root	/home/hzb/IPMI-2023/train.py:702	fit	INFO	22	0.46952291737280544	0.7634408602150538
2022-10-03 11:15:04,829	root	/home/hzb/IPMI-2023/train.py:702	fit	INFO	23	0.4652627427781862	0.7741935483870968
2022-10-03 11:39:39,796	root	/home/hzb/IPMI-2023/train.py:702	fit	INFO	24	0.47325425635602686	0.7580645161290323
2022-10-03 12:01:12,271	root	/home/hzb/IPMI-2023/train.py:702	fit	INFO	25	0.46152809211703877	0.7741935483870968
2022-10-03 12:23:12,824	root	/home/hzb/IPMI-2023/train.py:702	fit	INFO	26	0.45761695767061844	0.7580645161290323
2022-10-03 12:45:23,047	root	/home/hzb/IPMI-2023/train.py:702	fit	INFO	27	0.45085574636956854	0.7741935483870968
2022-10-03 13:06:59,111	root	/home/hzb/IPMI-2023/train.py:702	fit	INFO	28	0.44543295125827514	0.7795698924731183
2022-10-03 13:28:48,802	root	/home/hzb/IPMI-2023/train.py:702	fit	INFO	29	0.4483543615037155	0.7795698924731183
2022-10-03 13:51:46,468	root	/home/hzb/IPMI-2023/train.py:702	fit	INFO	30	0.44172709891121953	0.7956989247311828
2022-10-03 14:13:53,741	root	/home/hzb/IPMI-2023/train.py:702	fit	INFO	31	0.4350357413872756	0.7956989247311828
2022-10-03 14:36:12,365	root	/home/hzb/IPMI-2023/train.py:702	fit	INFO	32	0.4421711173709682	0.7741935483870968
2022-10-03 14:58:30,529	root	/home/hzb/IPMI-2023/train.py:702	fit	INFO	33	0.4393193681063431	0.8064516129032258
2022-10-03 15:21:05,639	root	/home/hzb/IPMI-2023/train.py:702	fit	INFO	34	0.43234659722876007	0.7849462365591398
2022-10-03 15:43:18,849	root	/home/hzb/IPMI-2023/train.py:702	fit	INFO	35	0.4328587092709557	0.7795698924731183
2022-10-03 16:05:35,315	root	/home/hzb/IPMI-2023/train.py:702	fit	INFO	36	0.433390496624133	0.7956989247311828
2022-10-03 16:27:43,287	root	/home/hzb/IPMI-2023/train.py:702	fit	INFO	37	0.43250142110972317	0.8010752688172043
2022-10-03 16:49:30,022	root	/home/hzb/IPMI-2023/train.py:702	fit	INFO	38	0.4228325961758533	0.8010752688172043
2022-10-03 17:11:31,427	root	/home/hzb/IPMI-2023/train.py:702	fit	INFO	39	0.42339252453717974	0.8064516129032258
2022-10-03 17:33:12,519	root	/home/hzb/IPMI-2023/train.py:702	fit	INFO	40	0.426797785656026	0.8010752688172043
2022-10-03 17:54:09,141	root	/home/hzb/IPMI-2023/train.py:702	fit	INFO	41	0.4213983889854443	0.8225806451612904
2022-10-03 18:16:39,765	root	/home/hzb/IPMI-2023/train.py:702	fit	INFO	42	0.40786745892437076	0.8010752688172043
2022-10-03 18:38:08,986	root	/home/hzb/IPMI-2023/train.py:702	fit	INFO	43	0.41303083832596016	0.8064516129032258
2022-10-03 18:59:56,294	root	/home/hzb/IPMI-2023/train.py:702	fit	INFO	44	0.4188399646476272	0.8010752688172043
2022-10-03 19:22:03,973	root	/home/hzb/IPMI-2023/train.py:702	fit	INFO	45	0.4149954879070602	0.8172043010752689
2022-10-03 19:44:03,045	root	/home/hzb/IPMI-2023/train.py:702	fit	INFO	46	0.40465729616792695	0.8387096774193549
2022-10-03 20:06:37,327	root	/home/hzb/IPMI-2023/train.py:702	fit	INFO	47	0.4069651600864706	0.8172043010752689
2022-10-03 20:28:08,740	root	/home/hzb/IPMI-2023/train.py:702	fit	INFO	48	0.40514748055182437	0.8010752688172043
2022-10-03 20:50:17,336	root	/home/hzb/IPMI-2023/train.py:702	fit	INFO	49	0.4024216313646125	0.8172043010752689
2022-10-03 21:11:23,036	root	/home/hzb/IPMI-2023/train.py:702	fit	INFO	50	0.4027695500877716	0.8064516129032258
2022-10-03 21:11:23,189	trainer	/home/hzb/IPMI-2023/train.py:760	score	INFO	
Scoring the test set.

2022-10-03 22:47:17,432	trainer	/home/hzb/IPMI-2023/train.py:827	score	INFO	
The test set loss is: 0.8614
2022-10-03 22:47:17,433	trainer	/home/hzb/IPMI-2023/train.py:830	score	INFO	The test set accuracy is: 0.6190
