2022-11-01 16:08:51,566	trainer	D:\research\Nonliner Dimensional Reduction\4_GNN_SPD\IPMI2023\IPMI-2023\train.py:535	args_printer	INFO	
+----------------------+-----------------------------------+
|      Parameter       |               Value               |
+======================+===================================+
| alpha                | [0.01, 0.25, 0.5, 0.9, 0.99]      |
+----------------------+-----------------------------------+
| batch_size           | 1                                 |
+----------------------+-----------------------------------+
| class_number         | 2                                 |
+----------------------+-----------------------------------+
| cuda                 | 0                                 |
+----------------------+-----------------------------------+
| current_time         | 2022-11-01_16-08-32               |
+----------------------+-----------------------------------+
| data_folder          | ./data/aal_cn_ad_cfc_iter1000     |
+----------------------+-----------------------------------+
| data_padding         | 1                                 |
+----------------------+-----------------------------------+
| data_step            | 15                                |
+----------------------+-----------------------------------+
| data_window          | 30                                |
+----------------------+-----------------------------------+
| debug                | 1                                 |
+----------------------+-----------------------------------+
| desc                 |                                   |
+----------------------+-----------------------------------+
| dropout              | 0.250                             |
+----------------------+-----------------------------------+
| early_stop           | 50                                |
+----------------------+-----------------------------------+
| epochs               | 20                                |
+----------------------+-----------------------------------+
| gamma                | 0.990                             |
+----------------------+-----------------------------------+
| gnnexplainer_reward  | 0                                 |
+----------------------+-----------------------------------+
| learning_rate        | 0.001                             |
+----------------------+-----------------------------------+
| log_path             | ./logs\2022-11-01_16-08-32        |
+----------------------+-----------------------------------+
| mode                 | seq                               |
+----------------------+-----------------------------------+
| model_folder         | ./saved_model\2022-11-01_16-08-32 |
+----------------------+-----------------------------------+
| node_attention       | 1                                 |
+----------------------+-----------------------------------+
| node_number          | 90                                |
+----------------------+-----------------------------------+
| prediction_path      | ./output                          |
+----------------------+-----------------------------------+
| repetitions          | 60                                |
+----------------------+-----------------------------------+
| reward               | 1                                 |
+----------------------+-----------------------------------+
| seed                 | 111                               |
+----------------------+-----------------------------------+
| single_data          | 0                                 |
+----------------------+-----------------------------------+
| tensorboard_dir      | ./runs                            |
+----------------------+-----------------------------------+
| thresholding_ratio   | 0.400                             |
+----------------------+-----------------------------------+
| time                 | 100                               |
+----------------------+-----------------------------------+
| wavelets_beta        | 1                                 |
+----------------------+-----------------------------------+
| wavelets_gamma       | 0.005                             |
+----------------------+-----------------------------------+
| wavelets_max_iter    | 1                                 |
+----------------------+-----------------------------------+
| wavelets_min_err     | 0.000                             |
+----------------------+-----------------------------------+
| wavelets_node_select | 10                                |
+----------------------+-----------------------------------+
| wavelets_num         | 10                                |
+----------------------+-----------------------------------+
| weight_decay         | 0                                 |
+----------------------+-----------------------------------+
2022-11-01 16:08:51,597	trainer	D:\research\Nonliner Dimensional Reduction\4_GNN_SPD\IPMI2023\IPMI-2023\train.py:834	score	INFO	
Scoring the test set.

2022-11-01 17:13:56,624	trainer	D:\research\Nonliner Dimensional Reduction\4_GNN_SPD\IPMI2023\IPMI-2023\train.py:907	score	INFO	
The test set loss is: 1397.8314
2022-11-01 17:13:56,624	trainer	D:\research\Nonliner Dimensional Reduction\4_GNN_SPD\IPMI2023\IPMI-2023\train.py:910	score	INFO	The test set accuracy is: 0.6154
