2022-10-01 16:51:10,261	trainer	/home/hzb/IPMI-2023/train.py:510	args_printer	INFO	
+----------------------+-----------------------------------+
|      Parameter       |               Value               |
+======================+===================================+
| alpha                | [0.01, 0.25, 0.5, 0.9, 0.99]      |
+----------------------+-----------------------------------+
| batch_size           | 1                                 |
+----------------------+-----------------------------------+
| class_number         | 2                                 |
+----------------------+-----------------------------------+
| cuda                 | 0                                 |
+----------------------+-----------------------------------+
| current_time         | 2022-10-01_16-51-10               |
+----------------------+-----------------------------------+
| data_folder          | ./data/aal_cfc2                   |
+----------------------+-----------------------------------+
| data_padding         | 1                                 |
+----------------------+-----------------------------------+
| data_step            | 6                                 |
+----------------------+-----------------------------------+
| data_window          | 20                                |
+----------------------+-----------------------------------+
| debug                | 0                                 |
+----------------------+-----------------------------------+
| dropout              | 0.250                             |
+----------------------+-----------------------------------+
| early_stop           | 50                                |
+----------------------+-----------------------------------+
| epochs               | 50                                |
+----------------------+-----------------------------------+
| gamma                | 0.990                             |
+----------------------+-----------------------------------+
| learning_rate        | 0.001                             |
+----------------------+-----------------------------------+
| log_path             | ./logs/2022-10-01_16-51-10        |
+----------------------+-----------------------------------+
| mode                 | seq                               |
+----------------------+-----------------------------------+
| model_folder         | ./saved_model/2022-10-01_16-51-10 |
+----------------------+-----------------------------------+
| node_number          | 90                                |
+----------------------+-----------------------------------+
| prediction_path      | ./output                          |
+----------------------+-----------------------------------+
| repetitions          | 30                                |
+----------------------+-----------------------------------+
| seed                 | 111                               |
+----------------------+-----------------------------------+
| tensorboard_dir      | ./runs                            |
+----------------------+-----------------------------------+
| thresholding_ratio   | 0.400                             |
+----------------------+-----------------------------------+
| time                 | 40                                |
+----------------------+-----------------------------------+
| wavelets_beta        | 1                                 |
+----------------------+-----------------------------------+
| wavelets_gamma       | 0.005                             |
+----------------------+-----------------------------------+
| wavelets_max_iter    | 1                                 |
+----------------------+-----------------------------------+
| wavelets_min_err     | 0.000                             |
+----------------------+-----------------------------------+
| wavelets_node_select | 10                                |
+----------------------+-----------------------------------+
| wavelets_num         | 10                                |
+----------------------+-----------------------------------+
| weight_decay         | 0                                 |
+----------------------+-----------------------------------+
2022-10-01 16:51:10,262	root	/home/hzb/IPMI-2023/train.py:678	fit	INFO	epoch	loss	acc
2022-10-01 17:01:23,382	root	/home/hzb/IPMI-2023/train.py:713	fit	INFO	1	0.6604471813927415	0.7096774193548387
2022-10-01 17:11:03,052	root	/home/hzb/IPMI-2023/train.py:713	fit	INFO	2	0.596333605227291	0.7096774193548387
2022-10-01 17:21:15,647	root	/home/hzb/IPMI-2023/train.py:713	fit	INFO	3	0.5954905262877864	0.7096774193548387
2022-10-01 17:31:02,367	root	/home/hzb/IPMI-2023/train.py:713	fit	INFO	4	0.5935390701377263	0.7096774193548387
2022-10-01 17:40:48,568	root	/home/hzb/IPMI-2023/train.py:713	fit	INFO	5	0.5792023516310159	0.7096774193548387
2022-10-01 17:50:21,243	root	/home/hzb/IPMI-2023/train.py:713	fit	INFO	6	0.5796116605721494	0.7096774193548387
2022-10-01 18:00:27,639	root	/home/hzb/IPMI-2023/train.py:713	fit	INFO	7	0.566755869776331	0.7096774193548387
2022-10-01 18:10:47,125	root	/home/hzb/IPMI-2023/train.py:713	fit	INFO	8	0.5542362729307785	0.7150537634408602
2022-10-01 18:20:31,833	root	/home/hzb/IPMI-2023/train.py:713	fit	INFO	9	0.5396369252634304	0.7311827956989247
2022-10-01 18:30:23,254	root	/home/hzb/IPMI-2023/train.py:713	fit	INFO	10	0.5265724323489653	0.7365591397849462
2022-10-01 18:40:12,999	root	/home/hzb/IPMI-2023/train.py:713	fit	INFO	11	0.5192231560546544	0.7580645161290323
2022-10-01 18:49:41,898	root	/home/hzb/IPMI-2023/train.py:713	fit	INFO	12	0.5077986484293335	0.7419354838709677
2022-10-01 18:59:13,896	root	/home/hzb/IPMI-2023/train.py:713	fit	INFO	13	0.49869300032495173	0.7634408602150538
2022-10-01 19:08:57,250	root	/home/hzb/IPMI-2023/train.py:713	fit	INFO	14	0.49576788870317323	0.7580645161290323
2022-10-01 19:19:00,418	root	/home/hzb/IPMI-2023/train.py:713	fit	INFO	15	0.4804281796659193	0.7795698924731183
2022-10-01 19:28:47,670	root	/home/hzb/IPMI-2023/train.py:713	fit	INFO	16	0.4743018099056777	0.7741935483870968
2022-10-01 19:38:23,775	root	/home/hzb/IPMI-2023/train.py:713	fit	INFO	17	0.4743110840959895	0.7688172043010753
2022-10-01 19:48:55,593	root	/home/hzb/IPMI-2023/train.py:713	fit	INFO	18	0.46607692415515584	0.7849462365591398
2022-10-01 19:58:22,797	root	/home/hzb/IPMI-2023/train.py:713	fit	INFO	19	0.4599321452970867	0.7688172043010753
2022-10-01 20:08:01,367	root	/home/hzb/IPMI-2023/train.py:713	fit	INFO	20	0.45784824377586764	0.7849462365591398
2022-10-01 20:18:07,483	root	/home/hzb/IPMI-2023/train.py:713	fit	INFO	21	0.45387772104192164	0.7903225806451613
2022-10-01 20:27:54,579	root	/home/hzb/IPMI-2023/train.py:713	fit	INFO	22	0.44550385037737505	0.7903225806451613
2022-10-01 20:37:20,621	root	/home/hzb/IPMI-2023/train.py:713	fit	INFO	23	0.4456693597778838	0.7956989247311828
2022-10-01 20:47:04,938	root	/home/hzb/IPMI-2023/train.py:713	fit	INFO	24	0.4459811791487198	0.7956989247311828
2022-10-01 20:57:20,031	root	/home/hzb/IPMI-2023/train.py:713	fit	INFO	25	0.4392554093432683	0.7903225806451613
2022-10-01 21:07:14,955	root	/home/hzb/IPMI-2023/train.py:713	fit	INFO	26	0.43264581902473365	0.8010752688172043
2022-10-01 21:16:53,031	root	/home/hzb/IPMI-2023/train.py:713	fit	INFO	27	0.42830329648749804	0.8010752688172043
2022-10-01 21:26:48,824	root	/home/hzb/IPMI-2023/train.py:713	fit	INFO	28	0.42775995037969083	0.7903225806451613
2022-10-01 21:36:37,556	root	/home/hzb/IPMI-2023/train.py:713	fit	INFO	29	0.42616894597848576	0.8010752688172043
2022-10-01 21:46:47,690	root	/home/hzb/IPMI-2023/train.py:713	fit	INFO	30	0.420960967689352	0.8064516129032258
2022-10-01 21:56:36,811	root	/home/hzb/IPMI-2023/train.py:713	fit	INFO	31	0.41539359079193205	0.8118279569892473
2022-10-01 22:06:30,618	root	/home/hzb/IPMI-2023/train.py:713	fit	INFO	32	0.4144257305625586	0.8064516129032258
2022-10-01 22:16:26,243	root	/home/hzb/IPMI-2023/train.py:713	fit	INFO	33	0.4165771834587338	0.8172043010752689
2022-10-01 22:26:37,107	root	/home/hzb/IPMI-2023/train.py:713	fit	INFO	34	0.41269096298023095	0.8010752688172043
2022-10-01 22:36:34,015	root	/home/hzb/IPMI-2023/train.py:713	fit	INFO	35	0.40836263280512103	0.8225806451612904
2022-10-01 22:46:47,855	root	/home/hzb/IPMI-2023/train.py:713	fit	INFO	36	0.4114926021686324	0.8064516129032258
2022-10-01 22:56:22,955	root	/home/hzb/IPMI-2023/train.py:713	fit	INFO	37	0.4100156957120885	0.8225806451612904
2022-10-01 23:06:02,679	root	/home/hzb/IPMI-2023/train.py:713	fit	INFO	38	0.40243987650961005	0.8333333333333334
2022-10-01 23:16:02,928	root	/home/hzb/IPMI-2023/train.py:713	fit	INFO	39	0.3994546449562955	0.8064516129032258
2022-10-01 23:26:14,134	root	/home/hzb/IPMI-2023/train.py:713	fit	INFO	40	0.40208225170030226	0.8225806451612904
2022-10-01 23:36:06,673	root	/home/hzb/IPMI-2023/train.py:713	fit	INFO	41	0.3928080624149692	0.8118279569892473
2022-10-01 23:46:15,672	root	/home/hzb/IPMI-2023/train.py:713	fit	INFO	42	0.3933492777380912	0.8225806451612904
2022-10-01 23:56:23,875	root	/home/hzb/IPMI-2023/train.py:713	fit	INFO	43	0.38872628000324533	0.8225806451612904
2022-10-02 00:06:01,235	root	/home/hzb/IPMI-2023/train.py:713	fit	INFO	44	0.39290052259175645	0.8225806451612904
2022-10-02 00:15:31,472	root	/home/hzb/IPMI-2023/train.py:713	fit	INFO	45	0.38996986166188513	0.8279569892473119
2022-10-02 00:25:33,033	root	/home/hzb/IPMI-2023/train.py:713	fit	INFO	46	0.38903434697278244	0.8172043010752689
2022-10-02 00:35:17,060	root	/home/hzb/IPMI-2023/train.py:713	fit	INFO	47	0.3799798480793333	0.8279569892473119
2022-10-02 00:44:49,234	root	/home/hzb/IPMI-2023/train.py:713	fit	INFO	48	0.38725816996853235	0.8440860215053764
2022-10-02 00:54:26,726	root	/home/hzb/IPMI-2023/train.py:713	fit	INFO	49	0.3830185023534502	0.8440860215053764
2022-10-02 01:04:54,778	root	/home/hzb/IPMI-2023/train.py:713	fit	INFO	50	0.3808026268993134	0.8387096774193549
