2022-10-02 17:17:12,306	trainer	/home/hzb/IPMI-2023/train.py:521	args_printer	INFO	
+----------------------+-----------------------------------+
|      Parameter       |               Value               |
+======================+===================================+
| alpha                | [0.01, 0.25, 0.5, 0.9, 0.99]      |
+----------------------+-----------------------------------+
| batch_size           | 1                                 |
+----------------------+-----------------------------------+
| class_number         | 2                                 |
+----------------------+-----------------------------------+
| cuda                 | 0                                 |
+----------------------+-----------------------------------+
| current_time         | 2022-10-02_17-17-12               |
+----------------------+-----------------------------------+
| data_folder          | ./data/aal_cfc                    |
+----------------------+-----------------------------------+
| data_padding         | 1                                 |
+----------------------+-----------------------------------+
| data_step            | 15                                |
+----------------------+-----------------------------------+
| data_window          | 30                                |
+----------------------+-----------------------------------+
| debug                | 0                                 |
+----------------------+-----------------------------------+
| desc                 | 使用 aal 数据，对角线为 1         |
+----------------------+-----------------------------------+
| dropout              | 0.250                             |
+----------------------+-----------------------------------+
| early_stop           | 50                                |
+----------------------+-----------------------------------+
| epochs               | 50                                |
+----------------------+-----------------------------------+
| gamma                | 0.990                             |
+----------------------+-----------------------------------+
| learning_rate        | 0.001                             |
+----------------------+-----------------------------------+
| log_path             | ./logs/2022-10-02_17-17-12        |
+----------------------+-----------------------------------+
| mode                 | seq                               |
+----------------------+-----------------------------------+
| model_folder         | ./saved_model/2022-10-02_17-17-12 |
+----------------------+-----------------------------------+
| node_number          | 90                                |
+----------------------+-----------------------------------+
| prediction_path      | ./output                          |
+----------------------+-----------------------------------+
| repetitions          | 30                                |
+----------------------+-----------------------------------+
| seed                 | 111                               |
+----------------------+-----------------------------------+
| tensorboard_dir      | ./runs                            |
+----------------------+-----------------------------------+
| thresholding_ratio   | 0.400                             |
+----------------------+-----------------------------------+
| time                 | 40                                |
+----------------------+-----------------------------------+
| wavelets_beta        | 1                                 |
+----------------------+-----------------------------------+
| wavelets_gamma       | 0.005                             |
+----------------------+-----------------------------------+
| wavelets_max_iter    | 1                                 |
+----------------------+-----------------------------------+
| wavelets_min_err     | 0.000                             |
+----------------------+-----------------------------------+
| wavelets_node_select | 10                                |
+----------------------+-----------------------------------+
| wavelets_num         | 10                                |
+----------------------+-----------------------------------+
| weight_decay         | 0                                 |
+----------------------+-----------------------------------+
2022-10-02 17:17:12,306	trainer	/home/hzb/IPMI-2023/train.py:676	fit	INFO	
Training started.

2022-10-02 17:17:12,307	root	/home/hzb/IPMI-2023/train.py:689	fit	INFO	epoch	loss	acc
2022-10-02 17:26:15,013	root	/home/hzb/IPMI-2023/train.py:726	fit	INFO	1	0.6604475298876403	0.7096774193548387
2022-10-02 17:35:10,989	root	/home/hzb/IPMI-2023/train.py:726	fit	INFO	2	0.6075760013153476	0.7096774193548387
2022-10-02 17:44:06,105	root	/home/hzb/IPMI-2023/train.py:726	fit	INFO	3	0.5948126087746313	0.7096774193548387
2022-10-02 17:53:00,407	root	/home/hzb/IPMI-2023/train.py:726	fit	INFO	4	0.5836752244541722	0.7096774193548387
2022-10-02 18:01:55,220	root	/home/hzb/IPMI-2023/train.py:726	fit	INFO	5	0.5918923323192904	0.7096774193548387
2022-10-02 18:10:51,103	root	/home/hzb/IPMI-2023/train.py:726	fit	INFO	6	0.5748125265843125	0.7096774193548387
2022-10-02 18:19:44,670	root	/home/hzb/IPMI-2023/train.py:726	fit	INFO	7	0.5634219842732594	0.7096774193548387
2022-10-02 18:28:38,556	root	/home/hzb/IPMI-2023/train.py:726	fit	INFO	8	0.5565844830726424	0.7096774193548387
2022-10-02 18:37:33,109	root	/home/hzb/IPMI-2023/train.py:726	fit	INFO	9	0.5454740800283929	0.7580645161290323
2022-10-02 18:46:27,476	root	/home/hzb/IPMI-2023/train.py:726	fit	INFO	10	0.5329955020338617	0.7365591397849462
2022-10-02 18:55:20,811	root	/home/hzb/IPMI-2023/train.py:726	fit	INFO	11	0.5191938606521456	0.7580645161290323
2022-10-02 19:04:14,130	root	/home/hzb/IPMI-2023/train.py:726	fit	INFO	12	0.5143426260560431	0.7258064516129032
2022-10-02 19:13:07,282	root	/home/hzb/IPMI-2023/train.py:726	fit	INFO	13	0.4959617955109445	0.7473118279569892
2022-10-02 19:22:00,557	root	/home/hzb/IPMI-2023/train.py:726	fit	INFO	14	0.49472080241207794	0.7634408602150538
2022-10-02 19:30:54,170	root	/home/hzb/IPMI-2023/train.py:726	fit	INFO	15	0.4857623815456385	0.7526881720430108
2022-10-02 19:39:47,509	root	/home/hzb/IPMI-2023/train.py:726	fit	INFO	16	0.4802601749017354	0.7795698924731183
2022-10-02 19:48:42,251	root	/home/hzb/IPMI-2023/train.py:726	fit	INFO	17	0.4767079928949956	0.7580645161290323
2022-10-02 19:57:36,778	root	/home/hzb/IPMI-2023/train.py:726	fit	INFO	18	0.47076152970073043	0.7795698924731183
2022-10-02 20:06:28,744	root	/home/hzb/IPMI-2023/train.py:726	fit	INFO	19	0.46786634176368674	0.7634408602150538
2022-10-02 20:15:15,724	root	/home/hzb/IPMI-2023/train.py:726	fit	INFO	20	0.4583453952424949	0.7795698924731183
2022-10-02 20:23:58,080	root	/home/hzb/IPMI-2023/train.py:726	fit	INFO	21	0.4556994373779944	0.7688172043010753
2022-10-02 20:32:41,942	root	/home/hzb/IPMI-2023/train.py:726	fit	INFO	22	0.45061792021176666	0.7849462365591398
2022-10-02 20:41:33,402	root	/home/hzb/IPMI-2023/train.py:726	fit	INFO	23	0.4478055585065596	0.7903225806451613
2022-10-02 20:50:30,751	root	/home/hzb/IPMI-2023/train.py:726	fit	INFO	24	0.4402091097216853	0.8010752688172043
2022-10-02 20:59:26,364	root	/home/hzb/IPMI-2023/train.py:726	fit	INFO	25	0.4445388930028565	0.8118279569892473
2022-10-02 21:08:23,820	root	/home/hzb/IPMI-2023/train.py:726	fit	INFO	26	0.4352293220719182	0.7956989247311828
2022-10-02 21:17:17,396	root	/home/hzb/IPMI-2023/train.py:726	fit	INFO	27	0.43230119247930826	0.7849462365591398
2022-10-02 21:26:11,665	root	/home/hzb/IPMI-2023/train.py:726	fit	INFO	28	0.4325453786439793	0.7956989247311828
2022-10-02 21:35:06,641	root	/home/hzb/IPMI-2023/train.py:726	fit	INFO	29	0.4271017198390778	0.7956989247311828
2022-10-02 21:44:02,356	root	/home/hzb/IPMI-2023/train.py:726	fit	INFO	30	0.4286853496501002	0.8118279569892473
2022-10-02 21:52:55,005	root	/home/hzb/IPMI-2023/train.py:726	fit	INFO	31	0.4218371573269808	0.7849462365591398
2022-10-02 22:01:48,144	root	/home/hzb/IPMI-2023/train.py:726	fit	INFO	32	0.42390153700265515	0.7849462365591398
2022-10-02 22:10:44,210	root	/home/hzb/IPMI-2023/train.py:726	fit	INFO	33	0.4198489035229369	0.7956989247311828
2022-10-02 22:19:38,467	root	/home/hzb/IPMI-2023/train.py:726	fit	INFO	34	0.4137077731235574	0.8333333333333334
2022-10-02 22:28:35,144	root	/home/hzb/IPMI-2023/train.py:726	fit	INFO	35	0.4198434201284482	0.8064516129032258
2022-10-02 22:37:31,416	root	/home/hzb/IPMI-2023/train.py:726	fit	INFO	36	0.4134679743419251	0.8118279569892473
2022-10-02 22:46:31,108	root	/home/hzb/IPMI-2023/train.py:726	fit	INFO	37	0.4127044545321335	0.8064516129032258
2022-10-02 22:55:30,622	root	/home/hzb/IPMI-2023/train.py:726	fit	INFO	38	0.40902334362048137	0.8010752688172043
2022-10-02 23:04:27,983	root	/home/hzb/IPMI-2023/train.py:726	fit	INFO	39	0.399379245956899	0.8225806451612904
2022-10-02 23:13:26,512	root	/home/hzb/IPMI-2023/train.py:726	fit	INFO	40	0.4019618311731686	0.8225806451612904
2022-10-02 23:22:23,939	root	/home/hzb/IPMI-2023/train.py:726	fit	INFO	41	0.4013083841281152	0.8333333333333334
2022-10-02 23:31:19,293	root	/home/hzb/IPMI-2023/train.py:726	fit	INFO	42	0.40056598063568355	0.8225806451612904
2022-10-02 23:40:16,746	root	/home/hzb/IPMI-2023/train.py:726	fit	INFO	43	0.38573365723864445	0.8279569892473119
2022-10-02 23:49:10,421	root	/home/hzb/IPMI-2023/train.py:726	fit	INFO	44	0.39459262414264584	0.8225806451612904
2022-10-02 23:57:56,838	root	/home/hzb/IPMI-2023/train.py:726	fit	INFO	45	0.3944747264419372	0.8118279569892473
2022-10-03 00:06:42,045	root	/home/hzb/IPMI-2023/train.py:726	fit	INFO	46	0.39142451560755653	0.8333333333333334
2022-10-03 00:15:37,073	root	/home/hzb/IPMI-2023/train.py:726	fit	INFO	47	0.379031681465686	0.8333333333333334
2022-10-03 00:24:34,215	root	/home/hzb/IPMI-2023/train.py:726	fit	INFO	48	0.3938696964403554	0.8064516129032258
2022-10-03 00:33:32,106	root	/home/hzb/IPMI-2023/train.py:726	fit	INFO	49	0.3836254262182641	0.8225806451612904
2022-10-03 00:42:30,954	root	/home/hzb/IPMI-2023/train.py:726	fit	INFO	50	0.3804842426982378	0.8333333333333334
2022-10-03 00:42:31,049	trainer	/home/hzb/IPMI-2023/train.py:784	score	INFO	
Scoring the test set.

2022-10-03 01:37:06,503	trainer	/home/hzb/IPMI-2023/train.py:851	score	INFO	
The test set loss is: 1.0024
2022-10-03 01:37:06,503	trainer	/home/hzb/IPMI-2023/train.py:854	score	INFO	The test set accuracy is: 0.5556
