2022-10-02 17:17:36,586	trainer	/home/hzb/IPMI-2023/train.py:521	args_printer	INFO	
+----------------------+-----------------------------------+
|      Parameter       |               Value               |
+======================+===================================+
| alpha                | [0.01, 0.25, 0.5, 0.9, 0.99]      |
+----------------------+-----------------------------------+
| batch_size           | 1                                 |
+----------------------+-----------------------------------+
| class_number         | 2                                 |
+----------------------+-----------------------------------+
| cuda                 | 0                                 |
+----------------------+-----------------------------------+
| current_time         | 2022-10-02_17-17-36               |
+----------------------+-----------------------------------+
| data_folder          | ./data/aal_cfc2                   |
+----------------------+-----------------------------------+
| data_padding         | 1                                 |
+----------------------+-----------------------------------+
| data_step            | 15                                |
+----------------------+-----------------------------------+
| data_window          | 30                                |
+----------------------+-----------------------------------+
| debug                | 0                                 |
+----------------------+-----------------------------------+
| desc                 | 使用 aal2 数据，对角线为 0        |
+----------------------+-----------------------------------+
| dropout              | 0.250                             |
+----------------------+-----------------------------------+
| early_stop           | 50                                |
+----------------------+-----------------------------------+
| epochs               | 50                                |
+----------------------+-----------------------------------+
| gamma                | 0.990                             |
+----------------------+-----------------------------------+
| learning_rate        | 0.001                             |
+----------------------+-----------------------------------+
| log_path             | ./logs/2022-10-02_17-17-36        |
+----------------------+-----------------------------------+
| mode                 | seq                               |
+----------------------+-----------------------------------+
| model_folder         | ./saved_model/2022-10-02_17-17-36 |
+----------------------+-----------------------------------+
| node_number          | 90                                |
+----------------------+-----------------------------------+
| prediction_path      | ./output                          |
+----------------------+-----------------------------------+
| repetitions          | 30                                |
+----------------------+-----------------------------------+
| seed                 | 111                               |
+----------------------+-----------------------------------+
| tensorboard_dir      | ./runs                            |
+----------------------+-----------------------------------+
| thresholding_ratio   | 0.400                             |
+----------------------+-----------------------------------+
| time                 | 40                                |
+----------------------+-----------------------------------+
| wavelets_beta        | 1                                 |
+----------------------+-----------------------------------+
| wavelets_gamma       | 0.005                             |
+----------------------+-----------------------------------+
| wavelets_max_iter    | 1                                 |
+----------------------+-----------------------------------+
| wavelets_min_err     | 0.000                             |
+----------------------+-----------------------------------+
| wavelets_node_select | 10                                |
+----------------------+-----------------------------------+
| wavelets_num         | 10                                |
+----------------------+-----------------------------------+
| weight_decay         | 0                                 |
+----------------------+-----------------------------------+
2022-10-02 17:17:36,586	trainer	/home/hzb/IPMI-2023/train.py:676	fit	INFO	
Training started.

2022-10-02 17:17:36,586	root	/home/hzb/IPMI-2023/train.py:689	fit	INFO	epoch	loss	acc
2022-10-02 17:26:24,528	root	/home/hzb/IPMI-2023/train.py:726	fit	INFO	1	0.6604471813927415	0.7096774193548387
2022-10-02 17:35:04,484	root	/home/hzb/IPMI-2023/train.py:726	fit	INFO	2	0.596333605227291	0.7096774193548387
2022-10-02 17:43:47,299	root	/home/hzb/IPMI-2023/train.py:726	fit	INFO	3	0.5954905262877864	0.7096774193548387
2022-10-02 17:52:31,989	root	/home/hzb/IPMI-2023/train.py:726	fit	INFO	4	0.5935390701377263	0.7096774193548387
2022-10-02 18:01:16,178	root	/home/hzb/IPMI-2023/train.py:726	fit	INFO	5	0.5792023516310159	0.7096774193548387
2022-10-02 18:09:55,657	root	/home/hzb/IPMI-2023/train.py:726	fit	INFO	6	0.5796116605721494	0.7096774193548387
2022-10-02 18:18:35,712	root	/home/hzb/IPMI-2023/train.py:726	fit	INFO	7	0.566755869776331	0.7096774193548387
2022-10-02 18:27:14,986	root	/home/hzb/IPMI-2023/train.py:726	fit	INFO	8	0.5542362729307785	0.7150537634408602
2022-10-02 18:35:52,402	root	/home/hzb/IPMI-2023/train.py:726	fit	INFO	9	0.5396369252634304	0.7311827956989247
2022-10-02 18:44:30,363	root	/home/hzb/IPMI-2023/train.py:726	fit	INFO	10	0.5265724323489653	0.7365591397849462
2022-10-02 18:53:09,101	root	/home/hzb/IPMI-2023/train.py:726	fit	INFO	11	0.5192231560546544	0.7580645161290323
2022-10-02 19:01:48,317	root	/home/hzb/IPMI-2023/train.py:726	fit	INFO	12	0.5077986484293335	0.7419354838709677
2022-10-02 19:10:29,079	root	/home/hzb/IPMI-2023/train.py:726	fit	INFO	13	0.49869300032495173	0.7634408602150538
2022-10-02 19:19:11,092	root	/home/hzb/IPMI-2023/train.py:726	fit	INFO	14	0.49576788870317323	0.7580645161290323
2022-10-02 19:27:52,505	root	/home/hzb/IPMI-2023/train.py:726	fit	INFO	15	0.4804281796659193	0.7795698924731183
2022-10-02 19:36:36,954	root	/home/hzb/IPMI-2023/train.py:726	fit	INFO	16	0.4743018099056777	0.7741935483870968
2022-10-02 19:45:21,888	root	/home/hzb/IPMI-2023/train.py:726	fit	INFO	17	0.4743110840959895	0.7688172043010753
2022-10-02 19:54:04,416	root	/home/hzb/IPMI-2023/train.py:726	fit	INFO	18	0.46607692415515584	0.7849462365591398
2022-10-02 20:02:46,748	root	/home/hzb/IPMI-2023/train.py:726	fit	INFO	19	0.4599321452970867	0.7688172043010753
2022-10-02 20:11:29,991	root	/home/hzb/IPMI-2023/train.py:726	fit	INFO	20	0.45784824377586764	0.7849462365591398
2022-10-02 20:20:14,528	root	/home/hzb/IPMI-2023/train.py:726	fit	INFO	21	0.45387772104192164	0.7903225806451613
2022-10-02 20:28:57,592	root	/home/hzb/IPMI-2023/train.py:726	fit	INFO	22	0.44550385037737505	0.7903225806451613
2022-10-02 20:37:29,896	root	/home/hzb/IPMI-2023/train.py:726	fit	INFO	23	0.4456693597778838	0.7956989247311828
2022-10-02 20:46:00,841	root	/home/hzb/IPMI-2023/train.py:726	fit	INFO	24	0.4459811791487198	0.7956989247311828
2022-10-02 20:54:36,499	root	/home/hzb/IPMI-2023/train.py:726	fit	INFO	25	0.4392554093432683	0.7903225806451613
2022-10-02 21:03:10,876	root	/home/hzb/IPMI-2023/train.py:726	fit	INFO	26	0.43264581902473365	0.8010752688172043
2022-10-02 21:11:53,643	root	/home/hzb/IPMI-2023/train.py:726	fit	INFO	27	0.42830329648749804	0.8010752688172043
2022-10-02 21:20:35,733	root	/home/hzb/IPMI-2023/train.py:726	fit	INFO	28	0.42775995037969083	0.7903225806451613
2022-10-02 21:29:17,826	root	/home/hzb/IPMI-2023/train.py:726	fit	INFO	29	0.42616894597848576	0.8010752688172043
2022-10-02 21:38:00,963	root	/home/hzb/IPMI-2023/train.py:726	fit	INFO	30	0.420960967689352	0.8064516129032258
2022-10-02 21:46:45,263	root	/home/hzb/IPMI-2023/train.py:726	fit	INFO	31	0.41539359079193205	0.8118279569892473
2022-10-02 21:55:30,347	root	/home/hzb/IPMI-2023/train.py:726	fit	INFO	32	0.4144257305625586	0.8064516129032258
2022-10-02 22:04:14,144	root	/home/hzb/IPMI-2023/train.py:726	fit	INFO	33	0.4165771834587338	0.8172043010752689
2022-10-02 22:12:57,844	root	/home/hzb/IPMI-2023/train.py:726	fit	INFO	34	0.41269096298023095	0.8010752688172043
2022-10-02 22:21:40,117	root	/home/hzb/IPMI-2023/train.py:726	fit	INFO	35	0.40836263280512103	0.8225806451612904
2022-10-02 22:30:29,758	root	/home/hzb/IPMI-2023/train.py:726	fit	INFO	36	0.4114926021686324	0.8064516129032258
2022-10-02 22:39:19,739	root	/home/hzb/IPMI-2023/train.py:726	fit	INFO	37	0.4100156957120885	0.8225806451612904
2022-10-02 22:48:08,757	root	/home/hzb/IPMI-2023/train.py:726	fit	INFO	38	0.40243987650961005	0.8333333333333334
2022-10-02 22:56:55,174	root	/home/hzb/IPMI-2023/train.py:726	fit	INFO	39	0.3994546449562955	0.8064516129032258
2022-10-02 23:05:42,616	root	/home/hzb/IPMI-2023/train.py:726	fit	INFO	40	0.40208225170030226	0.8225806451612904
2022-10-02 23:14:28,796	root	/home/hzb/IPMI-2023/train.py:726	fit	INFO	41	0.3928080624149692	0.8118279569892473
2022-10-02 23:23:11,383	root	/home/hzb/IPMI-2023/train.py:726	fit	INFO	42	0.3933492777380912	0.8225806451612904
2022-10-02 23:31:58,048	root	/home/hzb/IPMI-2023/train.py:726	fit	INFO	43	0.38872628000324533	0.8225806451612904
2022-10-02 23:40:42,413	root	/home/hzb/IPMI-2023/train.py:726	fit	INFO	44	0.39290052259175645	0.8225806451612904
2022-10-02 23:49:13,967	root	/home/hzb/IPMI-2023/train.py:726	fit	INFO	45	0.38996986166188513	0.8279569892473119
2022-10-02 23:57:51,123	root	/home/hzb/IPMI-2023/train.py:726	fit	INFO	46	0.38903434697278244	0.8172043010752689
2022-10-03 00:06:38,999	root	/home/hzb/IPMI-2023/train.py:726	fit	INFO	47	0.3799798480793333	0.8279569892473119
2022-10-03 00:15:25,821	root	/home/hzb/IPMI-2023/train.py:726	fit	INFO	48	0.38725816996853235	0.8440860215053764
2022-10-03 00:24:12,013	root	/home/hzb/IPMI-2023/train.py:726	fit	INFO	49	0.3830185023534502	0.8440860215053764
2022-10-03 00:33:01,707	root	/home/hzb/IPMI-2023/train.py:726	fit	INFO	50	0.3808026268993134	0.8387096774193549
2022-10-03 00:33:01,810	trainer	/home/hzb/IPMI-2023/train.py:784	score	INFO	
Scoring the test set.

2022-10-03 01:25:57,662	trainer	/home/hzb/IPMI-2023/train.py:851	score	INFO	
The test set loss is: 0.9699
2022-10-03 01:25:57,662	trainer	/home/hzb/IPMI-2023/train.py:854	score	INFO	The test set accuracy is: 0.5238
