2022-10-04 14:21:50,117	trainer	/home/hzb/IPMI-2023/train.py:508	args_printer	INFO	
+----------------------+-----------------------------------+
|      Parameter       |               Value               |
+======================+===================================+
| alpha                | [0.01, 0.25, 0.5, 0.9, 0.99]      |
+----------------------+-----------------------------------+
| batch_size           | 1                                 |
+----------------------+-----------------------------------+
| class_number         | 2                                 |
+----------------------+-----------------------------------+
| cuda                 | 0                                 |
+----------------------+-----------------------------------+
| current_time         | 2022-10-04_14-21-50               |
+----------------------+-----------------------------------+
| data_folder          | ./data/aal_cfc2                   |
+----------------------+-----------------------------------+
| data_padding         | 1                                 |
+----------------------+-----------------------------------+
| data_step            | 15                                |
+----------------------+-----------------------------------+
| data_window          | 30                                |
+----------------------+-----------------------------------+
| debug                | 0                                 |
+----------------------+-----------------------------------+
| desc                 | 使用 aal2 数据，对角线为 0        |
+----------------------+-----------------------------------+
| dropout              | 0.250                             |
+----------------------+-----------------------------------+
| early_stop           | 50                                |
+----------------------+-----------------------------------+
| epochs               | 50                                |
+----------------------+-----------------------------------+
| gamma                | 0.990                             |
+----------------------+-----------------------------------+
| learning_rate        | 0.001                             |
+----------------------+-----------------------------------+
| log_path             | ./logs/2022-10-04_14-21-50        |
+----------------------+-----------------------------------+
| mode                 | seq                               |
+----------------------+-----------------------------------+
| model_folder         | ./saved_model/2022-10-04_14-21-50 |
+----------------------+-----------------------------------+
| node_attention       | 0                                 |
+----------------------+-----------------------------------+
| node_number          | 90                                |
+----------------------+-----------------------------------+
| prediction_path      | ./output                          |
+----------------------+-----------------------------------+
| repetitions          | 30                                |
+----------------------+-----------------------------------+
| seed                 | 111                               |
+----------------------+-----------------------------------+
| tensorboard_dir      | ./runs                            |
+----------------------+-----------------------------------+
| thresholding_ratio   | 0.400                             |
+----------------------+-----------------------------------+
| time                 | 40                                |
+----------------------+-----------------------------------+
| wavelets_beta        | 1                                 |
+----------------------+-----------------------------------+
| wavelets_gamma       | 0.005                             |
+----------------------+-----------------------------------+
| wavelets_max_iter    | 1                                 |
+----------------------+-----------------------------------+
| wavelets_min_err     | 0.000                             |
+----------------------+-----------------------------------+
| wavelets_node_select | 10                                |
+----------------------+-----------------------------------+
| wavelets_num         | 10                                |
+----------------------+-----------------------------------+
| weight_decay         | 0                                 |
+----------------------+-----------------------------------+
2022-10-04 14:21:50,117	trainer	/home/hzb/IPMI-2023/train.py:663	fit	INFO	
Training started.

2022-10-04 14:21:50,118	root	/home/hzb/IPMI-2023/train.py:676	fit	INFO	epoch	loss	acc
2022-10-04 14:33:15,111	root	/home/hzb/IPMI-2023/train.py:713	fit	INFO	1	0.6647023257388863	0.6666666666666666
2022-10-04 14:44:39,039	root	/home/hzb/IPMI-2023/train.py:713	fit	INFO	2	0.6058071295740783	0.7096774193548387
2022-10-04 14:56:20,995	root	/home/hzb/IPMI-2023/train.py:713	fit	INFO	3	0.5988132627580756	0.7096774193548387
2022-10-04 15:08:23,259	root	/home/hzb/IPMI-2023/train.py:713	fit	INFO	4	0.5894775315318056	0.7096774193548387
2022-10-04 15:20:16,437	root	/home/hzb/IPMI-2023/train.py:713	fit	INFO	5	0.5735935611269807	0.7150537634408602
2022-10-04 15:31:55,511	root	/home/hzb/IPMI-2023/train.py:713	fit	INFO	6	0.5698212214535282	0.7096774193548387
2022-10-04 15:43:24,575	root	/home/hzb/IPMI-2023/train.py:713	fit	INFO	7	0.5616338674019101	0.6774193548387096
2022-10-04 15:54:43,438	root	/home/hzb/IPMI-2023/train.py:713	fit	INFO	8	0.5510236593263764	0.6989247311827957
2022-10-04 16:06:01,588	root	/home/hzb/IPMI-2023/train.py:713	fit	INFO	9	0.5412102082483871	0.6827956989247311
2022-10-04 16:17:17,443	root	/home/hzb/IPMI-2023/train.py:713	fit	INFO	10	0.5354253582416042	0.7043010752688172
2022-10-04 16:28:36,940	root	/home/hzb/IPMI-2023/train.py:713	fit	INFO	11	0.529500473070369	0.6881720430107527
2022-10-04 16:40:02,146	root	/home/hzb/IPMI-2023/train.py:713	fit	INFO	12	0.5212621520203288	0.7150537634408602
2022-10-04 16:51:20,303	root	/home/hzb/IPMI-2023/train.py:713	fit	INFO	13	0.5145048299223505	0.7311827956989247
2022-10-04 17:02:30,435	root	/home/hzb/IPMI-2023/train.py:713	fit	INFO	14	0.5115563096979292	0.7258064516129032
2022-10-04 17:13:52,935	root	/home/hzb/IPMI-2023/train.py:713	fit	INFO	15	0.5025294678966685	0.7419354838709677
2022-10-04 17:25:06,671	root	/home/hzb/IPMI-2023/train.py:713	fit	INFO	16	0.492645319891713	0.7473118279569892
2022-10-04 17:36:16,587	root	/home/hzb/IPMI-2023/train.py:713	fit	INFO	17	0.49514388259980946	0.7311827956989247
2022-10-04 17:47:17,499	root	/home/hzb/IPMI-2023/train.py:713	fit	INFO	18	0.4858285353509008	0.7634408602150538
2022-10-04 17:58:22,516	root	/home/hzb/IPMI-2023/train.py:713	fit	INFO	19	0.4797768175742158	0.7634408602150538
2022-10-04 18:09:25,951	root	/home/hzb/IPMI-2023/train.py:713	fit	INFO	20	0.478983490507529	0.7526881720430108
2022-10-04 18:20:33,821	root	/home/hzb/IPMI-2023/train.py:713	fit	INFO	21	0.474581678918693	0.7580645161290323
2022-10-04 18:31:55,199	root	/home/hzb/IPMI-2023/train.py:713	fit	INFO	22	0.4700582858415381	0.7634408602150538
2022-10-04 18:43:24,519	root	/home/hzb/IPMI-2023/train.py:713	fit	INFO	23	0.46585765075419217	0.7741935483870968
2022-10-04 18:54:38,739	root	/home/hzb/IPMI-2023/train.py:713	fit	INFO	24	0.4738888872827413	0.7580645161290323
2022-10-04 19:05:59,455	root	/home/hzb/IPMI-2023/train.py:713	fit	INFO	25	0.46215902338986115	0.7741935483870968
2022-10-04 19:17:15,310	root	/home/hzb/IPMI-2023/train.py:713	fit	INFO	26	0.4582156989503131	0.7580645161290323
2022-10-04 19:28:45,420	root	/home/hzb/IPMI-2023/train.py:713	fit	INFO	27	0.451502543693829	0.7741935483870968
2022-10-04 19:40:14,723	root	/home/hzb/IPMI-2023/train.py:713	fit	INFO	28	0.44610287643648605	0.7795698924731183
2022-10-04 19:51:27,051	root	/home/hzb/IPMI-2023/train.py:713	fit	INFO	29	0.44910858144422855	0.7795698924731183
2022-10-04 20:02:51,463	root	/home/hzb/IPMI-2023/train.py:713	fit	INFO	30	0.4424152932535376	0.7956989247311828
2022-10-04 20:14:13,955	root	/home/hzb/IPMI-2023/train.py:713	fit	INFO	31	0.43574776207046806	0.7956989247311828
2022-10-04 20:25:36,445	root	/home/hzb/IPMI-2023/train.py:713	fit	INFO	32	0.44288390517354975	0.7741935483870968
2022-10-04 20:37:15,791	root	/home/hzb/IPMI-2023/train.py:713	fit	INFO	33	0.4401132345014322	0.8064516129032258
2022-10-04 20:48:48,139	root	/home/hzb/IPMI-2023/train.py:713	fit	INFO	34	0.4331464864644072	0.7795698924731183
2022-10-04 21:00:39,421	root	/home/hzb/IPMI-2023/train.py:713	fit	INFO	35	0.43367154605095826	0.7795698924731183
2022-10-04 21:12:14,362	root	/home/hzb/IPMI-2023/train.py:713	fit	INFO	36	0.43419874529354274	0.7956989247311828
2022-10-04 21:23:42,824	root	/home/hzb/IPMI-2023/train.py:713	fit	INFO	37	0.43330089350090795	0.8010752688172043
2022-10-04 21:34:52,791	root	/home/hzb/IPMI-2023/train.py:713	fit	INFO	38	0.42367367068385725	0.8010752688172043
2022-10-04 21:46:07,695	root	/home/hzb/IPMI-2023/train.py:713	fit	INFO	39	0.4242708603526035	0.8010752688172043
2022-10-04 21:57:12,699	root	/home/hzb/IPMI-2023/train.py:713	fit	INFO	40	0.42765251676782323	0.8064516129032258
2022-10-04 22:08:20,061	root	/home/hzb/IPMI-2023/train.py:713	fit	INFO	41	0.4222417281545018	0.8225806451612904
2022-10-04 22:19:54,907	root	/home/hzb/IPMI-2023/train.py:713	fit	INFO	42	0.4087685869120422	0.8010752688172043
2022-10-04 22:31:18,694	root	/home/hzb/IPMI-2023/train.py:713	fit	INFO	43	0.41390167144427614	0.8064516129032258
2022-10-04 22:42:38,332	root	/home/hzb/IPMI-2023/train.py:713	fit	INFO	44	0.41970749139805796	0.8010752688172043
2022-10-04 22:53:56,431	root	/home/hzb/IPMI-2023/train.py:713	fit	INFO	45	0.41592687959232	0.8172043010752689
2022-10-04 23:05:14,159	root	/home/hzb/IPMI-2023/train.py:713	fit	INFO	46	0.40556095270389914	0.8387096774193549
2022-10-04 23:16:29,787	root	/home/hzb/IPMI-2023/train.py:713	fit	INFO	47	0.4078406862493965	0.8172043010752689
2022-10-04 23:27:51,019	root	/home/hzb/IPMI-2023/train.py:713	fit	INFO	48	0.4060576319699526	0.8010752688172043
2022-10-04 23:39:05,239	root	/home/hzb/IPMI-2023/train.py:713	fit	INFO	49	0.4033331901951623	0.8172043010752689
2022-10-04 23:50:04,735	root	/home/hzb/IPMI-2023/train.py:713	fit	INFO	50	0.40377312238323154	0.8064516129032258
2022-10-04 23:50:04,911	trainer	/home/hzb/IPMI-2023/train.py:772	score	INFO	
Scoring the test set.

2022-10-05 00:53:45,274	trainer	/home/hzb/IPMI-2023/train.py:839	score	INFO	
The test set loss is: 0.8601
2022-10-05 00:53:45,274	trainer	/home/hzb/IPMI-2023/train.py:842	score	INFO	The test set accuracy is: 0.6190
