2022-10-04 14:21:14,433	trainer	/home/hzb/IPMI-2023/train.py:508	args_printer	INFO	
+----------------------+-----------------------------------+
|      Parameter       |               Value               |
+======================+===================================+
| alpha                | [0.01, 0.25, 0.5, 0.9, 0.99]      |
+----------------------+-----------------------------------+
| batch_size           | 1                                 |
+----------------------+-----------------------------------+
| class_number         | 2                                 |
+----------------------+-----------------------------------+
| cuda                 | 0                                 |
+----------------------+-----------------------------------+
| current_time         | 2022-10-04_14-21-14               |
+----------------------+-----------------------------------+
| data_folder          | ./data/aal_cfc                    |
+----------------------+-----------------------------------+
| data_padding         | 1                                 |
+----------------------+-----------------------------------+
| data_step            | 15                                |
+----------------------+-----------------------------------+
| data_window          | 30                                |
+----------------------+-----------------------------------+
| debug                | 0                                 |
+----------------------+-----------------------------------+
| desc                 | 使用 aal 数据，对角线为 1         |
+----------------------+-----------------------------------+
| dropout              | 0.250                             |
+----------------------+-----------------------------------+
| early_stop           | 50                                |
+----------------------+-----------------------------------+
| epochs               | 50                                |
+----------------------+-----------------------------------+
| gamma                | 0.990                             |
+----------------------+-----------------------------------+
| learning_rate        | 0.001                             |
+----------------------+-----------------------------------+
| log_path             | ./logs/2022-10-04_14-21-14        |
+----------------------+-----------------------------------+
| mode                 | seq                               |
+----------------------+-----------------------------------+
| model_folder         | ./saved_model/2022-10-04_14-21-14 |
+----------------------+-----------------------------------+
| node_attention       | 0                                 |
+----------------------+-----------------------------------+
| node_number          | 90                                |
+----------------------+-----------------------------------+
| prediction_path      | ./output                          |
+----------------------+-----------------------------------+
| repetitions          | 30                                |
+----------------------+-----------------------------------+
| seed                 | 111                               |
+----------------------+-----------------------------------+
| tensorboard_dir      | ./runs                            |
+----------------------+-----------------------------------+
| thresholding_ratio   | 0.400                             |
+----------------------+-----------------------------------+
| time                 | 40                                |
+----------------------+-----------------------------------+
| wavelets_beta        | 1                                 |
+----------------------+-----------------------------------+
| wavelets_gamma       | 0.005                             |
+----------------------+-----------------------------------+
| wavelets_max_iter    | 1                                 |
+----------------------+-----------------------------------+
| wavelets_min_err     | 0.000                             |
+----------------------+-----------------------------------+
| wavelets_node_select | 10                                |
+----------------------+-----------------------------------+
| wavelets_num         | 10                                |
+----------------------+-----------------------------------+
| weight_decay         | 0                                 |
+----------------------+-----------------------------------+
2022-10-04 14:21:14,433	trainer	/home/hzb/IPMI-2023/train.py:663	fit	INFO	
Training started.

2022-10-04 14:21:14,434	root	/home/hzb/IPMI-2023/train.py:676	fit	INFO	epoch	loss	acc
2022-10-04 14:32:55,367	root	/home/hzb/IPMI-2023/train.py:713	fit	INFO	1	0.6646940660092139	0.6666666666666666
2022-10-04 14:44:18,219	root	/home/hzb/IPMI-2023/train.py:713	fit	INFO	2	0.6148269746893196	0.7096774193548387
2022-10-04 14:55:37,203	root	/home/hzb/IPMI-2023/train.py:713	fit	INFO	3	0.5960447989324088	0.7096774193548387
2022-10-04 15:06:54,355	root	/home/hzb/IPMI-2023/train.py:713	fit	INFO	4	0.5822689400244785	0.7096774193548387
2022-10-04 15:18:08,691	root	/home/hzb/IPMI-2023/train.py:713	fit	INFO	5	0.582336986217127	0.7096774193548387
2022-10-04 15:29:14,467	root	/home/hzb/IPMI-2023/train.py:713	fit	INFO	6	0.5655020003517469	0.7204301075268817
2022-10-04 15:40:40,289	root	/home/hzb/IPMI-2023/train.py:713	fit	INFO	7	0.558106058787915	0.6935483870967742
2022-10-04 15:51:50,735	root	/home/hzb/IPMI-2023/train.py:713	fit	INFO	8	0.551945392202626	0.7150537634408602
2022-10-04 16:03:43,077	root	/home/hzb/IPMI-2023/train.py:713	fit	INFO	9	0.5424200805524985	0.7096774193548387
2022-10-04 16:14:49,363	root	/home/hzb/IPMI-2023/train.py:713	fit	INFO	10	0.5313283313386222	0.7096774193548387
2022-10-04 16:26:19,455	root	/home/hzb/IPMI-2023/train.py:713	fit	INFO	11	0.52554855563788	0.6989247311827957
2022-10-04 16:37:36,111	root	/home/hzb/IPMI-2023/train.py:713	fit	INFO	12	0.5191392347376834	0.7473118279569892
2022-10-04 16:48:39,731	root	/home/hzb/IPMI-2023/train.py:713	fit	INFO	13	0.5134084090510364	0.7096774193548387
2022-10-04 17:00:21,031	root	/home/hzb/IPMI-2023/train.py:713	fit	INFO	14	0.50263884996054	0.7365591397849462
2022-10-04 17:11:25,959	root	/home/hzb/IPMI-2023/train.py:713	fit	INFO	15	0.5026937156154584	0.7150537634408602
2022-10-04 17:22:54,377	root	/home/hzb/IPMI-2023/train.py:713	fit	INFO	16	0.4968314271179899	0.7365591397849462
2022-10-04 17:33:57,343	root	/home/hzb/IPMI-2023/train.py:713	fit	INFO	17	0.4940709701028242	0.7204301075268817
2022-10-04 17:44:51,555	root	/home/hzb/IPMI-2023/train.py:713	fit	INFO	18	0.48678407298340914	0.7473118279569892
2022-10-04 17:56:23,166	root	/home/hzb/IPMI-2023/train.py:713	fit	INFO	19	0.4808807805761374	0.7634408602150538
2022-10-04 18:07:39,492	root	/home/hzb/IPMI-2023/train.py:713	fit	INFO	20	0.47576516264829266	0.7526881720430108
2022-10-04 18:19:22,536	root	/home/hzb/IPMI-2023/train.py:713	fit	INFO	21	0.4744454585366272	0.7580645161290323
2022-10-04 18:30:45,512	root	/home/hzb/IPMI-2023/train.py:713	fit	INFO	22	0.4718987061391755	0.7580645161290323
2022-10-04 18:41:50,220	root	/home/hzb/IPMI-2023/train.py:713	fit	INFO	23	0.4681164508445128	0.7688172043010753
2022-10-04 18:53:11,145	root	/home/hzb/IPMI-2023/train.py:713	fit	INFO	24	0.45685426143789165	0.7849462365591398
2022-10-04 19:04:38,753	root	/home/hzb/IPMI-2023/train.py:713	fit	INFO	25	0.463341165594356	0.7849462365591398
2022-10-04 19:16:08,399	root	/home/hzb/IPMI-2023/train.py:713	fit	INFO	26	0.4566080177713546	0.7688172043010753
2022-10-04 19:27:37,211	root	/home/hzb/IPMI-2023/train.py:713	fit	INFO	27	0.4524953493357746	0.7688172043010753
2022-10-04 19:39:13,439	root	/home/hzb/IPMI-2023/train.py:713	fit	INFO	28	0.4511391298384756	0.7795698924731183
2022-10-04 19:50:28,464	root	/home/hzb/IPMI-2023/train.py:713	fit	INFO	29	0.44850348385291233	0.7795698924731183
2022-10-04 20:02:23,762	root	/home/hzb/IPMI-2023/train.py:713	fit	INFO	30	0.4389814085036676	0.7903225806451613
2022-10-04 20:13:43,393	root	/home/hzb/IPMI-2023/train.py:713	fit	INFO	31	0.4452483997359792	0.7795698924731183
2022-10-04 20:24:57,819	root	/home/hzb/IPMI-2023/train.py:713	fit	INFO	32	0.4351524831677076	0.7956989247311828
2022-10-04 20:36:37,511	root	/home/hzb/IPMI-2023/train.py:713	fit	INFO	33	0.4347024816739303	0.7795698924731183
2022-10-04 20:48:04,516	root	/home/hzb/IPMI-2023/train.py:713	fit	INFO	34	0.4332635375090264	0.8225806451612904
2022-10-04 20:59:28,211	root	/home/hzb/IPMI-2023/train.py:713	fit	INFO	35	0.42743554323791494	0.7956989247311828
2022-10-04 21:10:44,663	root	/home/hzb/IPMI-2023/train.py:713	fit	INFO	36	0.42674086035369463	0.8064516129032258
2022-10-04 21:22:36,413	root	/home/hzb/IPMI-2023/train.py:713	fit	INFO	37	0.4258606729888788	0.7849462365591398
2022-10-04 21:34:04,295	root	/home/hzb/IPMI-2023/train.py:713	fit	INFO	38	0.4217361027615205	0.8279569892473119
2022-10-04 21:45:25,059	root	/home/hzb/IPMI-2023/train.py:713	fit	INFO	39	0.4166202641828286	0.8064516129032258
2022-10-04 21:56:30,831	root	/home/hzb/IPMI-2023/train.py:713	fit	INFO	40	0.4146963755214607	0.8172043010752689
2022-10-04 22:07:52,541	root	/home/hzb/IPMI-2023/train.py:713	fit	INFO	41	0.41531516449846406	0.8118279569892473
2022-10-04 22:19:25,183	root	/home/hzb/IPMI-2023/train.py:713	fit	INFO	42	0.41521322620051204	0.8010752688172043
2022-10-04 22:30:55,942	root	/home/hzb/IPMI-2023/train.py:713	fit	INFO	43	0.40687046827427964	0.8333333333333334
2022-10-04 22:42:07,172	root	/home/hzb/IPMI-2023/train.py:713	fit	INFO	44	0.4106100020850057	0.8118279569892473
2022-10-04 22:53:13,973	root	/home/hzb/IPMI-2023/train.py:713	fit	INFO	45	0.4094007939140322	0.8172043010752689
2022-10-04 23:04:42,754	root	/home/hzb/IPMI-2023/train.py:713	fit	INFO	46	0.4070327935229626	0.8172043010752689
2022-10-04 23:15:55,320	root	/home/hzb/IPMI-2023/train.py:713	fit	INFO	47	0.39978434666941165	0.8225806451612904
2022-10-04 23:27:30,823	root	/home/hzb/IPMI-2023/train.py:713	fit	INFO	48	0.4054480276611303	0.8172043010752689
2022-10-04 23:38:38,427	root	/home/hzb/IPMI-2023/train.py:713	fit	INFO	49	0.3972058096795433	0.8387096774193549
2022-10-04 23:49:33,575	root	/home/hzb/IPMI-2023/train.py:713	fit	INFO	50	0.39436528558081757	0.8225806451612904
2022-10-04 23:49:33,720	trainer	/home/hzb/IPMI-2023/train.py:772	score	INFO	
Scoring the test set.

2022-10-05 00:53:57,847	trainer	/home/hzb/IPMI-2023/train.py:839	score	INFO	
The test set loss is: 0.8541
2022-10-05 00:53:57,847	trainer	/home/hzb/IPMI-2023/train.py:842	score	INFO	The test set accuracy is: 0.6190
