2022-10-15 20:56:08,613	trainer	D:\research\Nonliner Dimensional Reduction\4_GNN_SPD\IPMI2023\IPMI-2023\train.py:516	args_printer	INFO	
+----------------------+-------------------------------------------------------+
|      Parameter       |                         Value                         |
+======================+=======================================================+
| alpha                | [0.01, 0.25, 0.5, 0.9, 0.99]                          |
+----------------------+-------------------------------------------------------+
| batch_size           | 1                                                     |
+----------------------+-------------------------------------------------------+
| class_number         | 2                                                     |
+----------------------+-------------------------------------------------------+
| cuda                 | 0                                                     |
+----------------------+-------------------------------------------------------+
| current_time         | 2022-10-15_20-56-05                                   |
+----------------------+-------------------------------------------------------+
| data_folder          | ./data/aal_cn_ad_cfc_iter1000                         |
+----------------------+-------------------------------------------------------+
| data_padding         | 1                                                     |
+----------------------+-------------------------------------------------------+
| data_step            | 15                                                    |
+----------------------+-------------------------------------------------------+
| data_window          | 30                                                    |
+----------------------+-------------------------------------------------------+
| debug                | 0                                                     |
+----------------------+-------------------------------------------------------+
| desc                 | 使用 aal_cn_ad_cfc_iter1000 数据，对角线为 1，添加    |
|                      | node_attention，添加 reward，epoch20                  |
+----------------------+-------------------------------------------------------+
| dropout              | 0.250                                                 |
+----------------------+-------------------------------------------------------+
| early_stop           | 50                                                    |
+----------------------+-------------------------------------------------------+
| epochs               | 20                                                    |
+----------------------+-------------------------------------------------------+
| gamma                | 0.990                                                 |
+----------------------+-------------------------------------------------------+
| learning_rate        | 0.001                                                 |
+----------------------+-------------------------------------------------------+
| log_path             | ./logs\2022-10-15_20-56-05                            |
+----------------------+-------------------------------------------------------+
| mode                 | seq                                                   |
+----------------------+-------------------------------------------------------+
| model_folder         | ./saved_model\2022-10-15_20-56-05                     |
+----------------------+-------------------------------------------------------+
| node_attention       | 1                                                     |
+----------------------+-------------------------------------------------------+
| node_number          | 90                                                    |
+----------------------+-------------------------------------------------------+
| prediction_path      | ./output                                              |
+----------------------+-------------------------------------------------------+
| repetitions          | 30                                                    |
+----------------------+-------------------------------------------------------+
| reward               | 1                                                     |
+----------------------+-------------------------------------------------------+
| seed                 | 111                                                   |
+----------------------+-------------------------------------------------------+
| tensorboard_dir      | ./runs                                                |
+----------------------+-------------------------------------------------------+
| thresholding_ratio   | 0.400                                                 |
+----------------------+-------------------------------------------------------+
| time                 | 40                                                    |
+----------------------+-------------------------------------------------------+
| wavelets_beta        | 1                                                     |
+----------------------+-------------------------------------------------------+
| wavelets_gamma       | 0.005                                                 |
+----------------------+-------------------------------------------------------+
| wavelets_max_iter    | 1                                                     |
+----------------------+-------------------------------------------------------+
| wavelets_min_err     | 0.000                                                 |
+----------------------+-------------------------------------------------------+
| wavelets_node_select | 10                                                    |
+----------------------+-------------------------------------------------------+
| wavelets_num         | 10                                                    |
+----------------------+-------------------------------------------------------+
| weight_decay         | 0                                                     |
+----------------------+-------------------------------------------------------+
2022-10-15 20:56:08,621	trainer	D:\research\Nonliner Dimensional Reduction\4_GNN_SPD\IPMI2023\IPMI-2023\train.py:684	fit	INFO	
Training started.

2022-10-15 20:56:08,624	root	D:\research\Nonliner Dimensional Reduction\4_GNN_SPD\IPMI2023\IPMI-2023\train.py:697	fit	INFO	epoch	loss	acc
