2022-10-06 11:41:08,340	trainer	/home/hzb/IPMI-2023/train.py:508	args_printer	INFO	
+----------------------+-----------------------------------+
|      Parameter       |               Value               |
+======================+===================================+
| alpha                | [0.01, 0.25, 0.5, 0.9, 0.99]      |
+----------------------+-----------------------------------+
| batch_size           | 1                                 |
+----------------------+-----------------------------------+
| class_number         | 2                                 |
+----------------------+-----------------------------------+
| cuda                 | 0                                 |
+----------------------+-----------------------------------+
| current_time         | 2022-10-06_11-41-08               |
+----------------------+-----------------------------------+
| data_folder          | ./data/aal_cfc                    |
+----------------------+-----------------------------------+
| data_padding         | 1                                 |
+----------------------+-----------------------------------+
| data_step            | 15                                |
+----------------------+-----------------------------------+
| data_window          | 30                                |
+----------------------+-----------------------------------+
| debug                | 0                                 |
+----------------------+-----------------------------------+
| desc                 |                                   |
+----------------------+-----------------------------------+
| dropout              | 0.250                             |
+----------------------+-----------------------------------+
| early_stop           | 50                                |
+----------------------+-----------------------------------+
| epochs               | 50                                |
+----------------------+-----------------------------------+
| gamma                | 0.990                             |
+----------------------+-----------------------------------+
| learning_rate        | 0.001                             |
+----------------------+-----------------------------------+
| log_path             | ./logs/2022-10-06_11-41-08        |
+----------------------+-----------------------------------+
| mode                 | seq                               |
+----------------------+-----------------------------------+
| model_folder         | ./saved_model/2022-10-06_11-41-08 |
+----------------------+-----------------------------------+
| node_attention       | 0                                 |
+----------------------+-----------------------------------+
| node_number          | 90                                |
+----------------------+-----------------------------------+
| prediction_path      | ./output                          |
+----------------------+-----------------------------------+
| repetitions          | 30                                |
+----------------------+-----------------------------------+
| seed                 | 111                               |
+----------------------+-----------------------------------+
| tensorboard_dir      | ./runs                            |
+----------------------+-----------------------------------+
| thresholding_ratio   | 0.400                             |
+----------------------+-----------------------------------+
| time                 | 40                                |
+----------------------+-----------------------------------+
| wavelets_beta        | 1                                 |
+----------------------+-----------------------------------+
| wavelets_gamma       | 0.005                             |
+----------------------+-----------------------------------+
| wavelets_max_iter    | 1                                 |
+----------------------+-----------------------------------+
| wavelets_min_err     | 0.000                             |
+----------------------+-----------------------------------+
| wavelets_node_select | 10                                |
+----------------------+-----------------------------------+
| wavelets_num         | 10                                |
+----------------------+-----------------------------------+
| weight_decay         | 0                                 |
+----------------------+-----------------------------------+
